<?xml version="1.0" encoding="UTF-8"?>
<testsuite name="WallServiceTest" tests="1" skipped="0" failures="0" errors="0" timestamp="2022-05-05T17:41:57" hostname="DESKTOP-H13KJDD" time="0.21">
  <properties/>
  <testcase name="add" classname="WallServiceTest" time="0.21"/>
  <system-out><![CDATA[]]></system-out>
  <system-err><![CDATA[]]></system-err>
</testsuite>
